# JRE version: OpenJDK Runtime Environment Zulu15.42+15-CA (15.0.8+4) (build 15.0.8+4-MTS)
# Java VM: OpenJDK 64-Bit Server VM Zulu15.42+15-CA (15.0.8+4-MTS, mixed mode, tiered, compressed oops, g1 gc, bsd-aarch64)
GC Precious Log:
 CPUs: 8 total, 8 available
 Memory: 24576M
 Large Page Support: Disabled
 NUMA Support: Disabled
 Compressed Oops: Enabled (Zero based)
 Heap Region Size: 1M
 Heap Min Capacity: 8M
 Heap Initial Capacity: 384M
 Heap Max Capacity: 512M
 Pre-touch: Disabled
 Parallel Workers: 8
 Concurrent Workers: 2
 Concurrent Refinement Workers: 8
 Periodic GC: Disabled
Heap:
 garbage-first heap   total 88064K, used 47908K [0x00000007a0000000, 0x00000007c0000000)
  region size 1024K, 35 young (35840K), 6 survivors (6144K)
 Metaspace       used 41910K, capacity 42601K, committed 42672K, reserved 1087488K
  class space    used 5395K, capacity 5608K, committed 5632K, reserved 1048576K
GC Heap History (20 events):
Event: 1.520 GC heap before
{Heap before GC invocations=3 (full 0):
 garbage-first heap   total 34816K, used 34141K [0x00000007a0000000, 0x00000007c0000000)
  region size 1024K, 27 young (27648K), 2 survivors (2048K)
 Metaspace       used 28092K, capacity 28609K, committed 28976K, reserved 1075200K
  class space    used 3293K, capacity 3450K, committed 3456K, reserved 1048576K
}
Event: 1.523 GC heap after
{Heap after GC invocations=4 (full 0):
 garbage-first heap   total 39936K, used 11598K [0x00000007a0000000, 0x00000007c0000000)
  region size 1024K, 5 young (5120K), 5 survivors (5120K)
 Metaspace       used 28092K, capacity 28609K, committed 28976K, reserved 1075200K
  class space    used 3293K, capacity 3450K, committed 3456K, reserved 1048576K
}
Event: 1.548 GC heap before
{Heap before GC invocations=4 (full 0):
 garbage-first heap   total 39936K, used 14670K [0x00000007a0000000, 0x00000007c0000000)
  region size 1024K, 9 young (9216K), 5 survivors (5120K)
 Metaspace       used 29060K, capacity 29537K, committed 29872K, reserved 1075200K
  class space    used 3386K, capacity 3546K, committed 3584K, reserved 1048576K
}
Event: 1.550 GC heap after
{Heap after GC invocations=5 (full 0):
 garbage-first heap   total 39936K, used 11855K [0x00000007a0000000, 0x00000007c0000000)
  region size 1024K, 1 young (1024K), 1 survivors (1024K)
 Metaspace       used 29060K, capacity 29537K, committed 29872K, reserved 1075200K
  class space    used 3386K, capacity 3546K, committed 3584K, reserved 1048576K
}
Event: 1.660 GC heap before
{Heap before GC invocations=6 (full 0):
 garbage-first heap   total 81920K, used 61007K [0x00000007a0000000, 0x00000007c0000000)
  region size 1024K, 15 young (15360K), 1 survivors (1024K)
 Metaspace       used 29164K, capacity 29665K, committed 30128K, reserved 1075200K
  class space    used 3392K, capacity 3546K, committed 3584K, reserved 1048576K
}
Event: 1.660 GC heap after
{Heap after GC invocations=7 (full 0):
 garbage-first heap   total 81920K, used 47337K [0x00000007a0000000, 0x00000007c0000000)
  region size 1024K, 1 young (1024K), 1 survivors (1024K)
 Metaspace       used 29164K, capacity 29665K, committed 30128K, reserved 1075200K
  class space    used 3392K, capacity 3546K, committed 3584K, reserved 1048576K
}
Event: 1.706 GC heap before
{Heap before GC invocations=7 (full 0):
 garbage-first heap   total 81920K, used 63721K [0x00000007a0000000, 0x00000007c0000000)
  region size 1024K, 18 young (18432K), 1 survivors (1024K)
 Metaspace       used 29174K, capacity 29665K, committed 30128K, reserved 1075200K
  class space    used 3392K, capacity 3546K, committed 3584K, reserved 1048576K
}
Event: 1.707 GC heap after
{Heap after GC invocations=8 (full 0):
 garbage-first heap   total 81920K, used 47295K [0x00000007a0000000, 0x00000007c0000000)
  region size 1024K, 1 young (1024K), 1 survivors (1024K)
 Metaspace       used 29174K, capacity 29665K, committed 30128K, reserved 1075200K
  class space    used 3392K, capacity 3546K, committed 3584K, reserved 1048576K
}
Event: 1.720 GC heap before
{Heap before GC invocations=9 (full 0):
 garbage-first heap   total 86016K, used 50367K [0x00000007a0000000, 0x00000007c0000000)
  region size 1024K, 6 young (6144K), 1 survivors (1024K)
 Metaspace       used 29175K, capacity 29665K, committed 30128K, reserved 1075200K
  class space    used 3392K, capacity 3546K, committed 3584K, reserved 1048576K
}
Event: 1.720 GC heap after
{Heap after GC invocations=10 (full 0):
 garbage-first heap   total 86016K, used 11412K [0x00000007a0000000, 0x00000007c0000000)
  region size 1024K, 1 young (1024K), 1 survivors (1024K)
 Metaspace       used 29175K, capacity 29665K, committed 30128K, reserved 1075200K
  class space    used 3392K, capacity 3546K, committed 3584K, reserved 1048576K
}
Event: 1.817 GC heap before
{Heap before GC invocations=11 (full 0):
 garbage-first heap   total 86016K, used 82068K [0x00000007a0000000, 0x00000007c0000000)
  region size 1024K, 37 young (37888K), 1 survivors (1024K)
 Metaspace       used 29182K, capacity 29665K, committed 30128K, reserved 1075200K
  class space    used 3392K, capacity 3546K, committed 3584K, reserved 1048576K
}
Event: 1.818 GC heap after
{Heap after GC invocations=12 (full 0):
 garbage-first heap   total 87040K, used 11403K [0x00000007a0000000, 0x00000007c0000000)
  region size 1024K, 1 young (1024K), 1 survivors (1024K)
 Metaspace       used 29182K, capacity 29665K, committed 30128K, reserved 1075200K
  class space    used 3392K, capacity 3546K, committed 3584K, reserved 1048576K
}
Event: 1.916 GC heap before
{Heap before GC invocations=13 (full 0):
 garbage-first heap   total 87040K, used 84107K [0x00000007a0000000, 0x00000007c0000000)
  region size 1024K, 38 young (38912K), 1 survivors (1024K)
 Metaspace       used 29208K, capacity 29665K, committed 30128K, reserved 1075200K
  class space    used 3392K, capacity 3546K, committed 3584K, reserved 1048576K
}
Event: 1.917 GC heap after
{Heap after GC invocations=14 (full 0):
 garbage-first heap   total 88064K, used 11420K [0x00000007a0000000, 0x00000007c0000000)
  region size 1024K, 1 young (1024K), 1 survivors (1024K)
 Metaspace       used 29208K, capacity 29665K, committed 30128K, reserved 1075200K
  class space    used 3392K, capacity 3546K, committed 3584K, reserved 1048576K
}
Event: 2.016 GC heap before
{Heap before GC invocations=14 (full 0):
 garbage-first heap   total 88064K, used 62620K [0x00000007a0000000, 0x00000007c0000000)
  region size 1024K, 51 young (52224K), 1 survivors (1024K)
 Metaspace       used 29222K, capacity 29729K, committed 30128K, reserved 1075200K
  class space    used 3392K, capacity 3546K, committed 3584K, reserved 1048576K
}
Event: 2.017 GC heap after
{Heap after GC invocations=15 (full 0):
 garbage-first heap   total 88064K, used 13329K [0x00000007a0000000, 0x00000007c0000000)
  region size 1024K, 3 young (3072K), 3 survivors (3072K)
 Metaspace       used 29222K, capacity 29729K, committed 30128K, reserved 1075200K
  class space    used 3392K, capacity 3546K, committed 3584K, reserved 1048576K
}
Event: 2.557 GC heap before
{Heap before GC invocations=15 (full 0):
 garbage-first heap   total 88064K, used 62481K [0x00000007a0000000, 0x00000007c0000000)
  region size 1024K, 51 young (52224K), 3 survivors (3072K)
 Metaspace       used 37526K, capacity 38108K, committed 38576K, reserved 1083392K
  class space    used 4865K, capacity 5049K, committed 5120K, reserved 1048576K
}
Event: 2.559 GC heap after
{Heap after GC invocations=16 (full 0):
 garbage-first heap   total 88064K, used 15843K [0x00000007a0000000, 0x00000007c0000000)
  region size 1024K, 5 young (5120K), 5 survivors (5120K)
 Metaspace       used 37526K, capacity 38108K, committed 38576K, reserved 1083392K
  class space    used 4865K, capacity 5049K, committed 5120K, reserved 1048576K
}
Event: 2.904 GC heap before
{Heap before GC invocations=16 (full 0):
 garbage-first heap   total 88064K, used 62947K [0x00000007a0000000, 0x00000007c0000000)
  region size 1024K, 51 young (52224K), 5 survivors (5120K)
 Metaspace       used 40968K, capacity 41586K, committed 41904K, reserved 1085440K
  class space    used 5330K, capacity 5507K, committed 5632K, reserved 1048576K
}
Event: 2.906 GC heap after
{Heap after GC invocations=17 (full 0):
 garbage-first heap   total 88064K, used 19236K [0x00000007a0000000, 0x00000007c0000000)
  region size 1024K, 6 young (6144K), 6 survivors (6144K)
 Metaspace       used 40968K, capacity 41586K, committed 41904K, reserved 1085440K
  class space    used 5330K, capacity 5507K, committed 5632K, reserved 1048576K
}

